==================== 2026-06-14T20:08:08.963239Z | 00000000-0000-0000-0000-000000000000 ====================
==================== 2026-06-14T20:08:08.968598Z | 5386df49-6649-4e2f-8404-2105a76025de ====================
20:08:08.969272 [info ]: Starting dbt LSP server
20:08:08.969933 [info ]: Connecting to LSP client on port 8000
20:08:08.976305 [info ]: Successfully connected to LSP client
20:08:08.976335 [info ]: Creating LSP service...
20:08:09.069825 [info ]: Creating LSP server...
20:08:09.069853 [info ]: Starting LSP server...
20:09:58.516929 [info ]: Loading profiles.yml
20:09:59.136454 [info ]: Loading profiles.yml
20:16:50.562005 [info ]: Loading profiles.yml
20:16:51.339587 [info ]: Loading profiles.yml
20:19:33.879214 [info ]: Loading profiles.yml
20:19:35.027600 [info ]: Loading profiles.yml
20:19:35.062823 [info ]: Loading profiles.yml
20:19:35.447701 [info ]: Loading profiles.yml
20:21:58.983112 [info ]: Loading profiles.yml
20:21:59.643961 [info ]: Loading profiles.yml
20:24:17.722017 [info ]: Loading profiles.yml
20:24:38.469512 [info ]: Loading profiles.yml
20:26:50.754990 [info ]: Loading profiles.yml
20:26:51.701022 [info ]: Loading profiles.yml
20:30:04.027366 [info ]: Loading profiles.yml
20:30:04.683871 [info ]: Loading profiles.yml
20:31:49.246088 [info ]: Loading profiles.yml
20:32:46.241105 [info ]: Loading profiles.yml
20:33:04.963984 [info ]: Loading profiles.yml
20:33:05.502648 [info ]: Loading profiles.yml
20:35:19.046629 [info ]: Loading profiles.yml
20:36:17.732830 [info ]: Loading profiles.yml
20:36:18.349925 [info ]: Loading profiles.yml
20:36:50.994202 [info ]: Loading profiles.yml
20:38:07.229754 [info ]: Loading profiles.yml
20:39:18.648904 [info ]: Loading profiles.yml
20:39:19.461540 [info ]: Loading profiles.yml
20:40:03.606934 [info ]: Loading profiles.yml
20:40:29.366108 [info ]: Loading profiles.yml
20:40:34.889630 [info ]: Loading profiles.yml
20:42:19.675222 [info ]: Loading profiles.yml
20:42:20.656149 [info ]: Loading profiles.yml
20:42:42.078187 [info ]: Loading profiles.yml
20:50:42.688788 [info ]: Loading profiles.yml
20:50:43.294490 [info ]: Loading profiles.yml
20:50:52.052120 [info ]: Loading profiles.yml
20:53:21.332506 [info ]: Loading profiles.yml
20:53:21.372858 [info ]: Loading profiles.yml
20:53:21.754457 [info ]: Loading profiles.yml
20:53:43.641007 [info ]: Loading profiles.yml
20:53:44.273662 [info ]: Loading profiles.yml
20:56:44.635396 [info ]: Loading profiles.yml
20:56:45.284614 [info ]: Loading profiles.yml
20:59:45.499672 [info ]: Loading profiles.yml
20:59:46.210778 [info ]: Loading profiles.yml
21:02:46.427240 [info ]: Loading profiles.yml
21:02:47.611892 [info ]: Loading profiles.yml
21:07:12.377569 [info ]: Loading profiles.yml
21:07:13.033702 [info ]: Loading profiles.yml
21:07:15.748447 [info ]: Loading profiles.yml
21:07:18.642774 [info ]: Loading profiles.yml
21:07:19.677037 [info ]: Loading profiles.yml
21:07:21.943532 [info ]: Loading profiles.yml
21:07:46.452184 [info ]: Loading profiles.yml
21:08:00.212830 [info ]: Loading profiles.yml
21:08:09.719711 [info ]: Loading profiles.yml
21:08:09.741494 [info ]: Loading profiles.yml
21:08:09.777530 [info ]: Started loading project
21:08:09.778584 [info ]: Loading profiles.yml
21:08:09.780480 [info ]: Finished loading project [  0.00s]
21:08:09.848017 [info ]: Loading profiles.yml
21:08:10.222391 [info ]: Loading profiles.yml
21:08:10.638459 [info ]: Loading profiles.yml
21:11:16.643339 [info ]: Loading profiles.yml
21:11:17.147332 [info ]: Loading profiles.yml
21:11:18.597431 [info ]: Loading profiles.yml
21:11:23.348120 [info ]: Loading profiles.yml
21:12:31.706965 [info ]: Loading profiles.yml
21:12:31.735866 [info ]: Loading profiles.yml
21:12:31.771278 [info ]: Started loading project
21:12:31.771957 [info ]: Loading profiles.yml
21:12:31.772360 [info ]: Finished loading project [  0.00s]
21:12:31.847392 [info ]: Loading profiles.yml
21:12:32.241988 [info ]: Loading profiles.yml
21:12:32.636121 [info ]: Loading profiles.yml
21:14:22.436487 [info ]: Loading profiles.yml
21:14:22.978660 [info ]: Loading profiles.yml
21:14:37.177349 [info ]: Loading profiles.yml
21:14:39.260446 [info ]: Loading profiles.yml
21:14:39.942258 [info ]: Loading profiles.yml
21:14:40.053147 [info ]: Loading profiles.yml
21:14:40.113525 [info ]: Started loading project
21:14:40.114467 [info ]: Loading profiles.yml
21:14:40.114944 [info ]: Finished loading project [  0.00s]
21:14:40.465681 [info ]: Loading profiles.yml
21:14:40.966784 [info ]: Loading profiles.yml
21:14:45.783068 [info ]: Loading profiles.yml
21:14:50.162718 [info ]: Loading profiles.yml
21:14:50.702418 [info ]: Loading profiles.yml
21:14:52.245720 [info ]: Loading profiles.yml
==================== 2026-06-14T21:16:05.919831Z | 00000000-0000-0000-0000-000000000000 ====================
==================== 2026-06-14T21:16:05.920093Z | 6ab0aab5-c06e-4d9b-8306-cfd37298a313 ====================
21:16:05.920128 [info ]: Starting dbt LSP server
21:16:05.920160 [info ]: Connecting to LSP client on port 8000
21:16:05.921985 [info ]: Successfully connected to LSP client
21:16:05.922010 [info ]: Creating LSP service...
21:16:06.004307 [info ]: Creating LSP server...
21:16:06.004371 [info ]: Starting LSP server...
21:16:06.209437 [info ]: Loading profiles.yml
21:16:06.390618 [info ]: Waiting for lease on 'target' directory
21:16:06.939782 [info ]: Started loading project
21:16:06.940511 [info ]: Loading profiles.yml
21:16:06.947599 [warn ]: [FmtError (dbt1041)]: Old format package-lock.yml file found. Please provide package definitions.
21:16:06.948577 [info ]: Loading packages.yml
21:16:06.948782 [debug]:    Started loading packages
21:16:06.964468 [debug]:     Loaded [  0.02s] packages
21:16:06.966263 [info ]: Started parsing
21:16:07.032726 [info ]: Finished loading project [  0.09s]
21:16:07.042879 [debug]: Finished parsing models\sources.yaml [  0.00s]
21:16:07.047016 [debug]: Finished parsing models\silver\stg_notices.sql [  0.00s]
21:16:07.049021 [warn ]: [UnusedResourceConfigPath (dbt1097)]: Configuration paths exist in your dbt_project.yml file which do not apply to any resources.
There are 2 unused configuration paths:
- models.ted_intelligence.gold
- models.ted_intelligence.staging
21:16:07.053873 [info ]: DOWNLOADING deferral manifest
21:16:07.053913 [info ]: Finished parsing [  0.09s]
21:16:07.497280 [warn ]: [HttpError (dbt1203)]: Failed to download deferral manifest from the dbt platform for project 70506183131529, continuing without deferral. 404 Not Found: No deferral environment defined for project with ID 70506183131529 To target a specific environment, set `defer-env-id` in your dbt_project.yml under the `dbt-cloud` block.
21:16:07.497989 [info ]: Cached model count updated: 1 models (estimate)
21:16:07.498005 [info ]: Cached model count updated: 1 models (accurate)
21:16:07.498930 [info ]: Started scheduling
21:16:07.499976 [info ]: Finished scheduling [  0.00s]
21:16:07.500241 [debug]: Compilation - 1 nodes selected: {"model.ted_intelligence.stg_notices"}
21:16:07.500460 [info ]: Started scheduling
21:16:07.500508 [info ]: Finished scheduling [  0.00s]
21:16:07.500574 [debug]: Initializing schema store with entry: Frontier(CanonicalFqn { catalog: "samples", schema: "ted_intelligence", table: "notices" }) and interval: None
21:16:07.506915 [info ]: License loaded from file C:\Users\LENOVO\.dbt\license.70506183131397
21:16:07.600614 [info ]: Started building task graph
21:16:07.600746 [info ]: Finished building task graph [  0.00s]
21:16:07.601954 [info ]: Started rendering (1 nodes)
21:16:07.602002 [info ]: Started model ted_intelligence.stg_notices
21:16:07.602022 [debug]: Started rendering model ted_intelligence.stg_notices
21:16:07.604180 [debug]: Compiled SQL for node model.ted_intelligence.stg_notices at target\.lsp\compiled\ted_intelligence\models\silver\stg_notices.sql
21:16:07.604338 [debug]: Finished rendering [  0.00s] model ted_intelligence.stg_notices [success]
21:16:07.604363 [info ]: Finished rendering [  0.00s] (1 nodes, 0 skipped, 0 errors)
21:16:07.604397 [info ]: Started analyzing (1 nodes)
21:16:07.604409 [debug]: Started analyzing model ted_intelligence.stg_notices
21:16:07.612403 [debug]: Finished analyzing [  0.01s] model ted_intelligence.stg_notices [success]
21:16:07.612427 [info ]: Finished analyzing [  0.01s] (1 nodes, 0 skipped, 0 errors)
21:16:07.612437 [info ]:  Succeeded [  0.01s] model ted_intelligence.stg_notices (view)
21:16:07.620118 [info ]: Started scheduling
21:16:07.620166 [info ]: Finished scheduling [  0.00s]
21:16:07.621327 [info ]: Cached model count updated: 1 models (accurate)
21:16:09.328501 [info ]: Started loading project
21:16:09.329152 [info ]: Loading profiles.yml
21:16:09.379130 [info ]: Cached model count updated: 1 models (estimate)
21:16:09.379155 [info ]: Cached model count updated: 1 models (accurate)
21:16:09.379180 [info ]: Started scheduling
21:16:09.379227 [info ]: Finished scheduling [  0.00s]
21:16:09.379242 [debug]: Compilation - 2 nodes selected: {"model.ted_intelligence.stg_notices", "seed.ted_intelligence.cpv_codes"}
21:16:09.469498 [info ]: Started building task graph
21:16:09.469551 [info ]: Finished building task graph [  0.00s]
21:16:09.471042 [info ]: Finished loading project [  0.14s]
21:16:09.489297 [info ]: Started rendering (2 nodes)
21:16:09.489332 [info ]: Started seed ted_intelligence.cpv_codes
21:16:09.489347 [debug]: Started rendering seed ted_intelligence.cpv_codes
21:16:09.489373 [info ]: Started model ted_intelligence.stg_notices
21:16:09.489382 [debug]: Started rendering model ted_intelligence.stg_notices
21:16:09.489788 [debug]: Finished rendering [  0.00s] seed ted_intelligence.cpv_codes [success]
21:16:09.489813 [info ]:  Succeeded [-------] seed  ted_intelligence.cpv_codes (table)
21:16:09.491153 [debug]: Compiled SQL for node model.ted_intelligence.stg_notices at target\.lsp\compiled\ted_intelligence\models\silver\stg_notices.sql
21:16:09.491217 [debug]: Finished rendering [  0.00s] model ted_intelligence.stg_notices [success]
21:16:09.491236 [info ]: Finished rendering [  0.00s] (2 nodes, 0 skipped, 0 errors)
21:16:09.491252 [info ]: Started analyzing (1 nodes)
21:16:09.491260 [debug]: Started analyzing model ted_intelligence.stg_notices
21:16:09.491465 [debug]: Finished analyzing [  0.00s] model ted_intelligence.stg_notices [success]
21:16:09.491477 [info ]: Finished analyzing [  0.00s] (1 nodes, 0 skipped, 0 errors)
21:16:09.491484 [info ]:  Succeeded [  0.00s] model ted_intelligence.stg_notices (view)
21:16:09.498590 [info ]: Started scheduling
21:16:09.498640 [info ]: Finished scheduling [  0.00s]
21:16:09.500137 [info ]: Cached model count updated: 1 models (accurate)
==================== 2026-06-15T17:37:08.628833Z | 00000000-0000-0000-0000-000000000000 ====================
==================== 2026-06-15T17:37:08.634821Z | dc77e450-8426-4888-9445-779d9070dcfd ====================
17:37:08.635577 [info ]: Starting dbt LSP server
17:37:08.636404 [info ]: Connecting to LSP client on port 8000
17:37:08.639749 [info ]: Successfully connected to LSP client
17:37:08.640006 [info ]: Creating LSP service...
17:37:08.770641 [info ]: Creating LSP server...
17:37:08.770668 [info ]: Starting LSP server...
17:37:08.974477 [info ]: Loading profiles.yml
17:37:09.100412 [info ]: Started loading project
17:37:09.111314 [info ]: Loading profiles.yml
17:37:09.198042 [warn ]: [FmtError (dbt1041)]: Old format package-lock.yml file found. Please provide package definitions.
17:37:09.202708 [info ]: Loading packages.yml
17:37:09.207529 [debug]:    Started loading packages
17:37:09.326115 [debug]:     Loaded [  0.12s] packages
17:37:09.343034 [info ]: Started parsing
17:37:12.611727 [info ]: Finished parsing [  3.27s]
17:37:12.614839 [info ]: Finished loading project [  3.51s]
17:37:12.615176 [info ]: Waiting for lease on 'target' directory
17:37:14.231424 [info ]: Started loading project
17:37:14.231995 [info ]: Loading profiles.yml
17:37:14.238253 [warn ]: [FmtError (dbt1041)]: Old format package-lock.yml file found. Please provide package definitions.
17:37:14.238482 [info ]: Loading packages.yml
17:37:14.238628 [debug]:    Started loading packages
17:37:14.259128 [debug]:     Loaded [  0.02s] packages
17:37:14.260479 [info ]: Started parsing
17:37:14.355710 [info ]: Finished loading project [  0.12s]
17:37:14.395752 [debug]: Finished parsing models\sources.yaml [  0.01s]
17:37:14.446587 [debug]: Finished parsing models\silver\stg_notices.sql [  0.02s]
17:37:14.455069 [warn ]: [UnusedResourceConfigPath (dbt1097)]: Configuration paths exist in your dbt_project.yml file which do not apply to any resources.
There are 2 unused configuration paths:
- models.ted_intelligence.gold
- models.ted_intelligence.staging
17:37:14.467379 [info ]: DOWNLOADING deferral manifest
17:37:14.467424 [info ]: Finished parsing [  0.21s]
17:37:14.874957 [warn ]: [HttpError (dbt1203)]: Failed to download deferral manifest from the dbt platform for project 70506183131529, continuing without deferral. 404 Not Found: No deferral environment defined for project with ID 70506183131529 To target a specific environment, set `defer-env-id` in your dbt_project.yml under the `dbt-cloud` block.
17:37:14.876026 [info ]: Cached model count updated: 1 models (estimate)
17:37:14.876046 [info ]: Cached model count updated: 1 models (accurate)
17:37:14.879084 [info ]: Started scheduling
17:37:14.886972 [info ]: Finished scheduling [  0.01s]
17:37:14.887339 [debug]: Compilation - 1 nodes selected: {"model.ted_intelligence.stg_notices"}
17:37:14.888360 [info ]: Started scheduling
17:37:14.888942 [info ]: Finished scheduling [  0.00s]
17:37:14.892428 [debug]: Initializing schema store with entry: Frontier(CanonicalFqn { catalog: "samples", schema: "ted_intelligence", table: "notices" }) and interval: None
17:37:14.923050 [info ]: License from file C:\Users\LENOVO\.dbt\license.70506183131397 is in refresh window, attempting remote refresh
17:37:14.928279 [debug]: Requesting license from https://vu112.us1.dbt.com/api/private/accounts/70506183131397/feature-licenses/ with 1 key IDs: ["fusion-prod-2025-11-20"]
17:37:15.314509 [debug]: License successfully retrieved from remote
17:37:15.314650 [info ]: License loaded from remote server vu112.us1.dbt.com
17:37:15.315186 [debug]: License cached to file for account 70506183131397
17:37:15.448122 [info ]: Started building task graph
17:37:15.454002 [info ]: Finished building task graph [  0.01s]
17:37:15.500430 [info ]: Started rendering (1 nodes)
17:37:15.502093 [info ]: Started model ted_intelligence.stg_notices
17:37:15.502139 [debug]: Started rendering model ted_intelligence.stg_notices
17:37:15.512495 [debug]: Compiled SQL for node model.ted_intelligence.stg_notices at target\.lsp\compiled\ted_intelligence\models\silver\stg_notices.sql
17:37:15.515093 [debug]: Finished rendering [  0.01s] model ted_intelligence.stg_notices [success]
17:37:15.515126 [info ]: Finished rendering [  0.01s] (1 nodes, 0 skipped, 0 errors)
17:37:15.516579 [info ]: Started analyzing (1 nodes)
17:37:15.516605 [debug]: Started analyzing model ted_intelligence.stg_notices
17:37:15.553156 [debug]: Finished analyzing [  0.04s] model ted_intelligence.stg_notices [success]
17:37:15.553189 [info ]: Finished analyzing [  0.04s] (1 nodes, 0 skipped, 0 errors)
17:37:15.553201 [info ]:  Succeeded [  0.05s] model ted_intelligence.stg_notices (view)
17:37:15.566079 [info ]: Started scheduling
17:37:15.566128 [info ]: Finished scheduling [  0.00s]
17:37:15.567145 [info ]: Cached model count updated: 1 models (accurate)
17:37:17.108498 [info ]: Started loading project
17:37:17.109126 [info ]: Loading profiles.yml
17:37:17.156534 [info ]: Cached model count updated: 1 models (estimate)
17:37:17.156562 [info ]: Cached model count updated: 1 models (accurate)
17:37:17.156590 [info ]: Started scheduling
17:37:17.156642 [info ]: Finished scheduling [  0.00s]
17:37:17.156659 [debug]: Compilation - 2 nodes selected: {"model.ted_intelligence.stg_notices", "seed.ted_intelligence.cpv_codes"}
17:37:17.256268 [info ]: Started building task graph
17:37:17.256322 [info ]: Finished building task graph [  0.00s]
17:37:17.256376 [info ]: Finished loading project [  0.15s]
17:37:17.268694 [info ]: Started rendering (2 nodes)
17:37:17.268730 [info ]: Started seed ted_intelligence.cpv_codes
17:37:17.268742 [debug]: Started rendering seed ted_intelligence.cpv_codes
17:37:17.268766 [info ]: Started model ted_intelligence.stg_notices
17:37:17.268775 [debug]: Started rendering model ted_intelligence.stg_notices
17:37:17.268870 [debug]: Finished rendering [  0.00s] seed ted_intelligence.cpv_codes [success]
17:37:17.269010 [info ]:  Succeeded [-------] seed  ted_intelligence.cpv_codes (table)
17:37:17.270354 [debug]: Compiled SQL for node model.ted_intelligence.stg_notices at target\.lsp\compiled\ted_intelligence\models\silver\stg_notices.sql
17:37:17.270431 [debug]: Finished rendering [  0.00s] model ted_intelligence.stg_notices [success]
17:37:17.270453 [info ]: Finished rendering [  0.00s] (2 nodes, 0 skipped, 0 errors)
17:37:17.270471 [info ]: Started analyzing (1 nodes)
17:37:17.270482 [debug]: Started analyzing model ted_intelligence.stg_notices
17:37:17.270686 [debug]: Finished analyzing [  0.00s] model ted_intelligence.stg_notices [success]
17:37:17.270701 [info ]: Finished analyzing [  0.00s] (1 nodes, 0 skipped, 0 errors)
17:37:17.270711 [info ]:  Succeeded [  0.00s] model ted_intelligence.stg_notices (view)
17:37:17.277691 [info ]: Started scheduling
17:37:17.277741 [info ]: Finished scheduling [  0.00s]
17:37:17.279195 [info ]: Cached model count updated: 1 models (accurate)
==================== 2026-06-19T12:47:26.637238Z | 00000000-0000-0000-0000-000000000000 ====================
==================== 2026-06-19T12:47:26.644566Z | bbd9a538-b9ba-4b75-93f9-db0ab5b0fcfc ====================
12:47:26.645294 [info ]: Starting dbt LSP server
12:47:26.646089 [info ]: Connecting to LSP client on port 8000
12:47:26.651931 [info ]: Successfully connected to LSP client
12:47:26.652298 [info ]: Creating LSP service...
12:47:26.762603 [info ]: Creating LSP server...
12:47:26.762628 [info ]: Starting LSP server...
12:47:41.304506 [info ]: Loading profiles.yml
12:47:41.658284 [info ]: Waiting for lease on 'target' directory
12:47:41.996344 [info ]: Started loading project
12:47:42.006170 [info ]: Loading profiles.yml
12:47:42.070299 [warn ]: [FmtError (dbt1041)]: Old format package-lock.yml file found. Please provide package definitions.
12:47:42.074287 [info ]: Loading packages.yml
12:47:42.078569 [debug]:    Started loading packages
12:47:42.172337 [debug]:     Loaded [  0.09s] packages
12:47:42.186368 [info ]: Started parsing
12:47:45.784487 [info ]: Finished loading project [  3.79s]
12:47:45.821001 [debug]: Finished parsing models\sources.yaml [  0.01s]
12:47:45.868612 [debug]: Finished parsing models\silver\stg_notices.sql [  0.01s]
12:47:45.876235 [warn ]: [UnusedResourceConfigPath (dbt1097)]: Configuration paths exist in your dbt_project.yml file which do not apply to any resources.
There are 2 unused configuration paths:
- models.ted_intelligence.gold
- models.ted_intelligence.staging
12:47:45.886401 [info ]: DOWNLOADING deferral manifest
12:47:45.886493 [info ]: Finished parsing [  3.70s]
12:47:46.325486 [warn ]: [HttpError (dbt1203)]: Failed to download deferral manifest from the dbt platform for project 70506183131529, continuing without deferral. 404 Not Found: No deferral environment defined for project with ID 70506183131529 To target a specific environment, set `defer-env-id` in your dbt_project.yml under the `dbt-cloud` block.
12:47:46.326974 [info ]: Cached model count updated: 1 models (estimate)
12:47:46.326992 [info ]: Cached model count updated: 1 models (accurate)
12:47:46.330423 [info ]: Started scheduling
12:47:46.336788 [info ]: Finished scheduling [  0.01s]
12:47:46.337253 [debug]: Compilation - 1 nodes selected: {"model.ted_intelligence.stg_notices"}
12:47:46.337936 [info ]: Started scheduling
12:47:46.338429 [info ]: Finished scheduling [  0.00s]
12:47:46.341067 [debug]: Initializing schema store with entry: Frontier(CanonicalFqn { catalog: "samples", schema: "ted_intelligence", table: "notices" }) and interval: None
12:47:46.368998 [info ]: License loaded from file C:\Users\LENOVO\.dbt\license.70506183131397 is invalid (License expired; try running dbt login or downloading dbt_cloud.yml), skipping
12:47:46.372149 [debug]: Requesting license from https://vu112.us1.dbt.com/api/private/accounts/70506183131397/feature-licenses/ with 1 key IDs: ["fusion-prod-2025-11-20"]
12:47:46.840742 [debug]: License successfully retrieved from remote
12:47:46.840880 [info ]: License loaded from remote server vu112.us1.dbt.com
12:47:46.841348 [debug]: License cached to file for account 70506183131397
12:47:46.957854 [info ]: Started building task graph
12:47:46.963120 [info ]: Finished building task graph [  0.01s]
12:47:47.005347 [info ]: Started rendering (1 nodes)
12:47:47.006349 [info ]: Started model ted_intelligence.stg_notices
12:47:47.006384 [debug]: Started rendering model ted_intelligence.stg_notices
12:47:47.016116 [debug]: Compiled SQL for node model.ted_intelligence.stg_notices at target\.lsp\compiled\ted_intelligence\models\silver\stg_notices.sql
12:47:47.019043 [debug]: Finished rendering [  0.01s] model ted_intelligence.stg_notices [success]
12:47:47.019066 [info ]: Finished rendering [  0.01s] (1 nodes, 0 skipped, 0 errors)
12:47:47.020404 [info ]: Started analyzing (1 nodes)
12:47:47.020423 [debug]: Started analyzing model ted_intelligence.stg_notices
12:47:47.050991 [debug]: Finished analyzing [  0.03s] model ted_intelligence.stg_notices [success]
12:47:47.051023 [info ]: Finished analyzing [  0.03s] (1 nodes, 0 skipped, 0 errors)
12:47:47.051034 [info ]:  Succeeded [  0.04s] model ted_intelligence.stg_notices (view)
12:47:47.063809 [info ]: Started scheduling
12:47:47.063861 [info ]: Finished scheduling [  0.00s]
12:47:47.065139 [info ]: Cached model count updated: 1 models (accurate)
12:47:48.558967 [info ]: Started loading project
12:47:48.559610 [info ]: Loading profiles.yml
12:47:48.605288 [info ]: Cached model count updated: 1 models (estimate)
12:47:48.605315 [info ]: Cached model count updated: 1 models (accurate)
12:47:48.605341 [info ]: Started scheduling
12:47:48.605388 [info ]: Finished scheduling [  0.00s]
12:47:48.605405 [debug]: Compilation - 2 nodes selected: {"model.ted_intelligence.stg_notices", "seed.ted_intelligence.cpv_codes"}
12:47:48.696691 [info ]: Started building task graph
12:47:48.696744 [info ]: Finished building task graph [  0.00s]
12:47:48.696792 [info ]: Finished loading project [  0.14s]
12:47:48.708353 [info ]: Started rendering (2 nodes)
12:47:48.708566 [info ]: Started seed ted_intelligence.cpv_codes
12:47:48.708586 [debug]: Started rendering seed ted_intelligence.cpv_codes
12:47:48.708610 [info ]: Started model ted_intelligence.stg_notices
12:47:48.708619 [debug]: Started rendering model ted_intelligence.stg_notices
12:47:48.708672 [debug]: Finished rendering [  0.00s] seed ted_intelligence.cpv_codes [success]
12:47:48.708688 [info ]:  Succeeded [-------] seed  ted_intelligence.cpv_codes (table)
12:47:48.710476 [debug]: Compiled SQL for node model.ted_intelligence.stg_notices at target\.lsp\compiled\ted_intelligence\models\silver\stg_notices.sql
12:47:48.710649 [debug]: Finished rendering [  0.00s] model ted_intelligence.stg_notices [success]
12:47:48.710670 [info ]: Finished rendering [  0.00s] (2 nodes, 0 skipped, 0 errors)
12:47:48.710687 [info ]: Started analyzing (1 nodes)
12:47:48.710693 [debug]: Started analyzing model ted_intelligence.stg_notices
12:47:48.710871 [debug]: Finished analyzing [  0.00s] model ted_intelligence.stg_notices [success]
12:47:48.710880 [info ]: Finished analyzing [  0.00s] (1 nodes, 0 skipped, 0 errors)
12:47:48.710886 [info ]:  Succeeded [  0.00s] model ted_intelligence.stg_notices (view)
12:47:48.718159 [info ]: Started scheduling
12:47:48.718204 [info ]: Finished scheduling [  0.00s]
12:47:48.719676 [info ]: Cached model count updated: 1 models (accurate)
==================== 2026-06-20T14:12:50.002586Z | 00000000-0000-0000-0000-000000000000 ====================
==================== 2026-06-20T14:12:50.010725Z | e5ac29ef-8e44-44cc-a540-d1a194f7207d ====================
14:12:50.011665 [info ]: Starting dbt LSP server
14:12:50.013045 [info ]: Connecting to LSP client on port 8000
14:12:50.016363 [info ]: Successfully connected to LSP client
14:12:50.016588 [info ]: Creating LSP service...
14:12:50.126934 [info ]: Creating LSP server...
14:12:50.126957 [info ]: Starting LSP server...
14:13:26.080814 [info ]: Loading profiles.yml
14:13:26.507820 [info ]: Waiting for lease on 'target' directory
14:13:26.741775 [info ]: Started loading project
14:13:26.752851 [info ]: Loading profiles.yml
14:13:26.818996 [warn ]: [FmtError (dbt1041)]: Old format package-lock.yml file found. Please provide package definitions.
14:13:26.824012 [info ]: Loading packages.yml
14:13:26.828441 [debug]:    Started loading packages
14:13:26.924645 [debug]:     Loaded [  0.10s] packages
14:13:26.943748 [info ]: Started parsing
14:13:30.843792 [info ]: Finished loading project [  4.10s]
14:13:30.881828 [debug]: Finished parsing models\sources.yaml [  0.01s]
14:13:30.937651 [debug]: Finished parsing models\silver\stg_notices.sql [  0.02s]
14:13:30.946025 [warn ]: [UnusedResourceConfigPath (dbt1097)]: Configuration paths exist in your dbt_project.yml file which do not apply to any resources.
There are 2 unused configuration paths:
- models.ted_intelligence.gold
- models.ted_intelligence.staging
14:13:30.958471 [info ]: DOWNLOADING deferral manifest
14:13:30.958602 [info ]: Finished parsing [  4.01s]
14:13:31.479975 [warn ]: [HttpError (dbt1203)]: Failed to download deferral manifest from the dbt platform for project 70506183131529, continuing without deferral. 404 Not Found: No deferral environment defined for project with ID 70506183131529 To target a specific environment, set `defer-env-id` in your dbt_project.yml under the `dbt-cloud` block.
14:13:31.482419 [info ]: Cached model count updated: 1 models (estimate)
14:13:31.482464 [info ]: Cached model count updated: 1 models (accurate)
14:13:31.488722 [info ]: Started scheduling
14:13:31.500033 [info ]: Finished scheduling [  0.01s]
14:13:31.500608 [debug]: Compilation - 1 nodes selected: {"model.ted_intelligence.stg_notices"}
14:13:31.501354 [info ]: Started scheduling
14:13:31.502025 [info ]: Finished scheduling [  0.00s]
14:13:31.505137 [debug]: Initializing schema store with entry: Frontier(CanonicalFqn { catalog: "samples", schema: "ted_intelligence", table: "notices" }) and interval: None
14:13:31.550761 [info ]: License loaded from file C:\Users\LENOVO\.dbt\license.70506183131397 is invalid (License expired; try running dbt login or downloading dbt_cloud.yml), skipping
14:13:31.558111 [debug]: Requesting license from https://vu112.us1.dbt.com/api/private/accounts/70506183131397/feature-licenses/ with 1 key IDs: ["fusion-prod-2025-11-20"]
14:13:32.080432 [debug]: License successfully retrieved from remote
14:13:32.080671 [info ]: License loaded from remote server vu112.us1.dbt.com
14:13:32.081481 [debug]: License cached to file for account 70506183131397
14:13:32.199446 [info ]: Started building task graph
14:13:32.203984 [info ]: Finished building task graph [  0.00s]
14:13:32.246225 [info ]: Started rendering (1 nodes)
14:13:32.247941 [info ]: Started model ted_intelligence.stg_notices
14:13:32.248276 [debug]: Started rendering model ted_intelligence.stg_notices
14:13:32.260106 [debug]: Compiled SQL for node model.ted_intelligence.stg_notices at target\.lsp\compiled\ted_intelligence\models\silver\stg_notices.sql
14:13:32.263315 [debug]: Finished rendering [  0.02s] model ted_intelligence.stg_notices [success]
14:13:32.263365 [info ]: Finished rendering [  0.02s] (1 nodes, 0 skipped, 0 errors)
14:13:32.265302 [info ]: Started analyzing (1 nodes)
14:13:32.265334 [debug]: Started analyzing model ted_intelligence.stg_notices
14:13:32.301221 [debug]: Finished analyzing [  0.04s] model ted_intelligence.stg_notices [success]
14:13:32.301276 [info ]: Finished analyzing [  0.04s] (1 nodes, 0 skipped, 0 errors)
14:13:32.301299 [info ]:  Succeeded [  0.05s] model ted_intelligence.stg_notices (view)
14:13:32.318775 [info ]: Started scheduling
14:13:32.318836 [info ]: Finished scheduling [  0.00s]
14:13:32.320039 [info ]: Cached model count updated: 1 models (accurate)
14:13:33.920139 [info ]: Started loading project
14:13:33.921091 [info ]: Loading profiles.yml
14:13:33.968358 [info ]: Cached model count updated: 1 models (estimate)
14:13:33.968380 [info ]: Cached model count updated: 1 models (accurate)
14:13:33.968406 [info ]: Started scheduling
14:13:33.968457 [info ]: Finished scheduling [  0.00s]
14:13:33.968469 [debug]: Compilation - 2 nodes selected: {"model.ted_intelligence.stg_notices", "seed.ted_intelligence.cpv_codes"}
14:13:34.065767 [info ]: Started building task graph
14:13:34.065821 [info ]: Finished building task graph [  0.00s]
14:13:34.065873 [info ]: Finished loading project [  0.15s]
14:13:34.080573 [info ]: Started rendering (2 nodes)
14:13:34.080607 [info ]: Started seed ted_intelligence.cpv_codes
14:13:34.080619 [debug]: Started rendering seed ted_intelligence.cpv_codes
14:13:34.080641 [info ]: Started model ted_intelligence.stg_notices
14:13:34.080650 [debug]: Started rendering model ted_intelligence.stg_notices
14:13:34.080700 [debug]: Finished rendering [  0.00s] seed ted_intelligence.cpv_codes [success]
14:13:34.080715 [info ]:  Succeeded [-------] seed  ted_intelligence.cpv_codes (table)
14:13:34.082104 [debug]: Compiled SQL for node model.ted_intelligence.stg_notices at target\.lsp\compiled\ted_intelligence\models\silver\stg_notices.sql
14:13:34.082178 [debug]: Finished rendering [  0.00s] model ted_intelligence.stg_notices [success]
14:13:34.082199 [info ]: Finished rendering [  0.00s] (2 nodes, 0 skipped, 0 errors)
14:13:34.082215 [info ]: Started analyzing (1 nodes)
14:13:34.082222 [debug]: Started analyzing model ted_intelligence.stg_notices
14:13:34.082429 [debug]: Finished analyzing [  0.00s] model ted_intelligence.stg_notices [success]
14:13:34.082447 [info ]: Finished analyzing [  0.00s] (1 nodes, 0 skipped, 0 errors)
14:13:34.082455 [info ]:  Succeeded [  0.00s] model ted_intelligence.stg_notices (view)
14:13:34.089202 [info ]: Started scheduling
14:13:34.089249 [info ]: Finished scheduling [  0.00s]
14:13:34.091922 [info ]: Cached model count updated: 1 models (accurate)
==================== 2026-06-20T19:54:01.655496Z | 00000000-0000-0000-0000-000000000000 ====================
==================== 2026-06-20T19:54:01.660243Z | 975a7798-9ecd-4099-b185-9a185c726b3c ====================
19:54:01.661914 [info ]: Starting dbt LSP server
19:54:01.663798 [info ]: Connecting to LSP client on port 8000
19:54:01.667666 [info ]: Successfully connected to LSP client
19:54:01.667693 [info ]: Creating LSP service...
19:54:01.766648 [info ]: Creating LSP server...
19:54:01.766674 [info ]: Starting LSP server...
19:57:50.938559 [info ]: Loading profiles.yml
==================== 2026-06-21T19:25:29.490028Z | 00000000-0000-0000-0000-000000000000 ====================
==================== 2026-06-21T19:25:29.490280Z | a86c31ee-85b5-4b37-8552-bef6ee061db8 ====================
19:25:29.490321 [info ]: Starting dbt LSP server
19:25:29.490354 [info ]: Connecting to LSP client on port 8000
19:25:29.492194 [info ]: Successfully connected to LSP client
19:25:29.492223 [info ]: Creating LSP service...
19:25:29.563464 [info ]: Creating LSP server...
19:25:29.563486 [info ]: Starting LSP server...
19:26:17.109937 [info ]: Loading profiles.yml
==================== 2026-06-22T16:15:43.373021Z | 00000000-0000-0000-0000-000000000000 ====================
==================== 2026-06-22T16:15:43.373238Z | ef31710a-0b60-4f55-bd62-ae5b71849f29 ====================
16:15:43.373273 [info ]: Starting dbt LSP server
16:15:43.373303 [info ]: Connecting to LSP client on port 8000
16:15:43.374941 [info ]: Successfully connected to LSP client
16:15:43.374961 [info ]: Creating LSP service...
16:15:43.468747 [info ]: Creating LSP server...
16:15:43.468771 [info ]: Starting LSP server...
16:15:43.652287 [info ]: Loading profiles.yml
16:15:53.101905 [info ]: Started loading project
16:15:53.102556 [info ]: Loading profiles.yml
16:15:53.148760 [warn ]: [FmtError (dbt1041)]: Old format package-lock.yml file found. Please provide package definitions.
16:15:53.152173 [info ]: Loading packages.yml
16:15:53.152759 [debug]:    Started loading packages
16:15:53.152934 [debug]:     Failed [  0.00s] packages (error: Operation cancelled)
16:15:53.153190 [info ]: Finished loading project [  0.05s]
16:15:53.153488 [info ]: Waiting for lease on 'target' directory
16:15:53.702592 [info ]: Started loading project
16:15:53.703191 [info ]: Loading profiles.yml
16:15:53.708074 [warn ]: [FmtError (dbt1041)]: Old format package-lock.yml file found. Please provide package definitions.
16:15:53.708266 [info ]: Loading packages.yml
16:15:53.708485 [debug]:    Started loading packages
16:15:53.875871 [debug]:     Loaded [  0.17s] packages
16:15:53.882683 [info ]: Started parsing
16:15:57.040414 [info ]: Finished loading project [  3.34s]
16:15:57.058196 [debug]: Finished parsing models\sources.yaml [  0.01s]
16:15:57.090620 [debug]: Finished parsing models\silver\stg_notices.sql [  0.01s]
16:15:57.092931 [warn ]: [UnusedResourceConfigPath (dbt1097)]: Configuration paths exist in your dbt_project.yml file which do not apply to any resources.
There are 2 unused configuration paths:
- models.ted_intelligence.gold
- models.ted_intelligence.staging
16:15:57.097874 [info ]: DOWNLOADING deferral manifest
16:15:57.097933 [info ]: Finished parsing [  3.22s]
16:15:57.687278 [warn ]: [HttpError (dbt1203)]: Failed to download deferral manifest from the dbt platform for project 70506183131529, continuing without deferral. 404 Not Found: No deferral environment defined for project with ID 70506183131529 To target a specific environment, set `defer-env-id` in your dbt_project.yml under the `dbt-cloud` block.
16:15:57.687626 [info ]: Cached model count updated: 1 models (estimate)
16:15:57.687635 [info ]: Cached model count updated: 1 models (accurate)
16:15:57.687700 [info ]: Started scheduling
16:15:57.689328 [info ]: Finished scheduling [  0.00s]
16:15:57.689425 [debug]: Compilation - 1 nodes selected: {"model.ted_intelligence.stg_notices"}
16:15:57.689472 [info ]: Started scheduling
16:15:57.689512 [info ]: Finished scheduling [  0.00s]
16:15:57.689589 [debug]: Initializing schema store with entry: Frontier(CanonicalFqn { catalog: "samples", schema: "ted_intelligence", table: "notices" }) and interval: None
16:15:57.696720 [debug]: License loaded from file C:\Users\LENOVO\.dbt\license.70506183131397
16:15:57.795623 [info ]: Started building task graph
16:15:57.795756 [info ]: Finished building task graph [  0.00s]
16:15:57.798894 [info ]: Started rendering (1 nodes)
16:15:57.798940 [info ]: Started model ted_intelligence.stg_notices
16:15:57.798960 [debug]: Started rendering model ted_intelligence.stg_notices
16:15:57.801102 [debug]: Compiled SQL for node model.ted_intelligence.stg_notices at target\.lsp\compiled\ted_intelligence\models\silver\stg_notices.sql
16:15:57.801247 [debug]: Finished rendering [  0.00s] model ted_intelligence.stg_notices [success]
16:15:57.801271 [info ]: Finished rendering [  0.00s] (1 nodes, 0 skipped, 0 errors)
16:15:57.801301 [info ]: Started analyzing (1 nodes)
16:15:57.801312 [debug]: Started analyzing model ted_intelligence.stg_notices
16:15:57.814710 [debug]: Finished analyzing [  0.01s] model ted_intelligence.stg_notices [success]
16:15:57.814739 [info ]: Finished analyzing [  0.01s] (1 nodes, 0 skipped, 0 errors)
16:15:57.814747 [info ]:  Succeeded [  0.01s] model ted_intelligence.stg_notices (view)
16:15:57.822010 [info ]: Started scheduling
16:15:57.822059 [info ]: Finished scheduling [  0.00s]
16:15:57.823039 [info ]: Cached model count updated: 1 models (accurate)
16:15:59.478289 [info ]: Started loading project
16:15:59.478819 [info ]: Loading profiles.yml
16:15:59.528002 [info ]: Cached model count updated: 1 models (estimate)
16:15:59.528028 [info ]: Cached model count updated: 1 models (accurate)
16:15:59.528054 [info ]: Started scheduling
16:15:59.528104 [info ]: Finished scheduling [  0.00s]
16:15:59.528122 [debug]: Compilation - 2 nodes selected: {"model.ted_intelligence.stg_notices", "seed.ted_intelligence.cpv_codes"}
16:15:59.616466 [info ]: Started building task graph
16:15:59.616519 [info ]: Finished building task graph [  0.00s]
16:15:59.616560 [info ]: Finished loading project [  0.14s]
16:15:59.624302 [info ]: Started rendering (2 nodes)
16:15:59.624508 [info ]: Started seed ted_intelligence.cpv_codes
16:15:59.624531 [debug]: Started rendering seed ted_intelligence.cpv_codes
16:15:59.624556 [info ]: Started model ted_intelligence.stg_notices
16:15:59.624567 [debug]: Started rendering model ted_intelligence.stg_notices
16:15:59.624615 [debug]: Finished rendering [  0.00s] seed ted_intelligence.cpv_codes [success]
16:15:59.624638 [info ]:  Succeeded [-------] seed  ted_intelligence.cpv_codes (table)
16:15:59.625923 [debug]: Compiled SQL for node model.ted_intelligence.stg_notices at target\.lsp\compiled\ted_intelligence\models\silver\stg_notices.sql
16:15:59.626014 [debug]: Finished rendering [  0.00s] model ted_intelligence.stg_notices [success]
16:15:59.626029 [info ]: Finished rendering [  0.00s] (2 nodes, 0 skipped, 0 errors)
16:15:59.626043 [info ]: Started analyzing (1 nodes)
16:15:59.626053 [debug]: Started analyzing model ted_intelligence.stg_notices
16:15:59.626238 [debug]: Finished analyzing [  0.00s] model ted_intelligence.stg_notices [success]
16:15:59.626249 [info ]: Finished analyzing [  0.00s] (1 nodes, 0 skipped, 0 errors)
16:15:59.626256 [info ]:  Succeeded [  0.00s] model ted_intelligence.stg_notices (view)
16:15:59.633363 [info ]: Started scheduling
16:15:59.633408 [info ]: Finished scheduling [  0.00s]
16:15:59.634897 [info ]: Cached model count updated: 1 models (accurate)
==================== 2026-06-23T14:48:11.856295Z | 00000000-0000-0000-0000-000000000000 ====================
==================== 2026-06-23T14:48:11.869124Z | 14074023-57fd-4a49-a8bd-6ab5038baea5 ====================
14:48:11.870080 [info ]: Starting dbt LSP server
14:48:11.871287 [info ]: Connecting to LSP client on port 8000
14:48:11.877879 [info ]: Successfully connected to LSP client
14:48:11.878128 [info ]: Creating LSP service...
14:48:12.041323 [info ]: Creating LSP server...
14:48:12.041359 [info ]: Starting LSP server...
